2016-06-19T21:12:40.198Z - error: giphy: Got error: undefined
2016-06-19T21:12:40.200Z - error:  Error: Invalid URI "undefined?api_key=&rating=&format=json&limit=1&q=meme"
    at Request.init (/home/ubuntu/workspace/node_modules/request/request.js:288:31)
    at new Request (/home/ubuntu/workspace/node_modules/request/request.js:142:8)
    at request (/home/ubuntu/workspace/node_modules/request/index.js:55:10)
    at get_gif (/home/ubuntu/workspace/bot/commands.js:1129:1)
    at Object.bot.sendMessage.commands.gif.process (/home/ubuntu/workspace/bot/commands.js:55:7)
    at execCommand (/home/ubuntu/workspace/Kaitlyn_bot.js:250:30)
    at Client.<anonymous> (/home/ubuntu/workspace/Kaitlyn_bot.js:165:7)
    at emitOne (events.js:77:13)
    at Client.emit (events.js:169:7)
    at WebSocket.InternalClient.createWS.url.websocket.onmessage (/home/ubuntu/workspace/node_modules/discord.js/lib/Client/InternalClient.js:95:15)
2016-06-19T21:12:46.287Z - error: giphy: Got error: undefined
2016-06-19T21:12:46.288Z - error:  Error: Invalid URI "undefined?api_key=&rating=&format=json&limit=1&q=sky"
    at Request.init (/home/ubuntu/workspace/node_modules/request/request.js:288:31)
    at new Request (/home/ubuntu/workspace/node_modules/request/request.js:142:8)
    at request (/home/ubuntu/workspace/node_modules/request/index.js:55:10)
    at get_gif (/home/ubuntu/workspace/bot/commands.js:1129:1)
    at Object.bot.sendMessage.commands.gif.process (/home/ubuntu/workspace/bot/commands.js:55:7)
    at execCommand (/home/ubuntu/workspace/Kaitlyn_bot.js:250:30)
    at Client.<anonymous> (/home/ubuntu/workspace/Kaitlyn_bot.js:165:7)
    at emitOne (events.js:77:13)
    at Client.emit (events.js:169:7)
    at WebSocket.InternalClient.createWS.url.websocket.onmessage (/home/ubuntu/workspace/node_modules/discord.js/lib/Client/InternalClient.js:95:15)
2016-06-19T21:18:08.207Z - error: giphy: Got error: undefined
2016-06-19T21:18:08.209Z - error:  Error: Invalid URI "undefined?api_key=&rating=&format=json&limit=1&q="
    at Request.init (/home/ubuntu/workspace/node_modules/request/request.js:288:31)
    at new Request (/home/ubuntu/workspace/node_modules/request/request.js:142:8)
    at request (/home/ubuntu/workspace/node_modules/request/index.js:55:10)
    at get_gif (/home/ubuntu/workspace/bot/commands.js:1136:3)
    at Object.bot.sendMessage.commands.gif.process (/home/ubuntu/workspace/bot/commands.js:55:7)
    at execCommand (/home/ubuntu/workspace/Kaitlyn_bot.js:250:30)
    at Client.<anonymous> (/home/ubuntu/workspace/Kaitlyn_bot.js:165:7)
    at emitOne (events.js:77:13)
    at Client.emit (events.js:169:7)
    at WebSocket.InternalClient.createWS.url.websocket.onmessage (/home/ubuntu/workspace/node_modules/discord.js/lib/Client/InternalClient.js:95:15)
